<?xml version="1.0" encoding="UTF-8"?>
<testng-results ignored="0" total="1" passed="1" failed="0" skipped="0">
  <reporter-output>
  </reporter-output>
  <suite started-at="2023-12-07T03:33:19 IST" name="Default suite" finished-at="2023-12-07T03:33:19 IST" duration-ms="57">
    <groups>
    </groups>
    <test started-at="2023-12-07T03:33:19 IST" name="Default test" finished-at="2023-12-07T03:33:19 IST" duration-ms="57">
      <class name="demo.PS1">
        <test-method is-config="true" signature="beforeRun()[pri:0, instance:demo.PS1@4229bb3f]" started-at="2023-12-07T03:33:19 IST" name="beforeRun" finished-at="2023-12-07T03:33:19 IST" duration-ms="7" status="PASS">
          <reporter-output>
          </reporter-output>
        </test-method> <!-- beforeRun -->
        <test-method signature="testRun()[pri:0, instance:demo.PS1@4229bb3f]" started-at="2023-12-07T03:33:19 IST" name="testRun" finished-at="2023-12-07T03:33:19 IST" duration-ms="7" status="PASS">
          <reporter-output>
          </reporter-output>
        </test-method> <!-- testRun -->
        <test-method is-config="true" signature="AfterRun()[pri:0, instance:demo.PS1@4229bb3f]" started-at="2023-12-07T03:33:19 IST" name="AfterRun" finished-at="2023-12-07T03:33:19 IST" duration-ms="0" status="PASS">
          <reporter-output>
          </reporter-output>
        </test-method> <!-- AfterRun -->
      </class> <!-- demo.PS1 -->
    </test> <!-- Default test -->
  </suite> <!-- Default suite -->
</testng-results>
